
> view-tracker@0.1.0 build
> next build

npm : ΓÜá Warning: Next.js inferred your 
workspace root, but it may not be correct.
At line:1 char:1
+ npm run build 2>&1 | Out-File -FilePath 
build_fix.log -Encoding utf8; ...
+ ~~~~~~~~~~~~~~~~~~
    + CategoryInfo          : NotSpecifie 
   d: (ΓÜá Warning: Ne...not be correct.  
  :String) [], RemoteException
    + FullyQualifiedErrorId : NativeComma 
   ndError
 
 We detected multiple lockfiles and 
selected the directory of 
C:\Users\ACER\package-lock.json as the 
root directory.
 To silence this warning, set 
`turbopack.root` in your Next.js config, 
or consider removing one of the lockfiles 
if it's not needed.
   See https://nextjs.org/docs/app/api-ref
erence/config/next-config-js/turbopack#roo
t-directory for more information.
 Detected additional lockfiles: 
   * C:\Users\ACER\Dropbox\PC\Documents\Po
rtofolio\Cross-Platform View 
Tracker\package-lock.json

Γû▓ Next.js 16.2.2 (Turbopack)

  Creating an optimized production build ...
Γ£ô Compiled successfully in 10.4s
  Running TypeScript ...
  Finished TypeScript in 10.1s ...
  Collecting page data using 5 workers ...
  Generating static pages using 5 workers (0/4) ...
  Generating static pages using 5 workers (1/4) 
  Generating static pages using 5 workers (2/4) 
  Generating static pages using 5 workers (3/4) 
Γ£ô Generating static pages using 5 workers (4/4) in 1384ms
  Finalizing page optimization ...

Route (app)
Γöî Γùï /
Γöö Γùï /_not-found


Γùï  (Static)  prerendered as static content

